<?xml version="1.0" encoding="UTF-8"?>
<testng-results ignored="0" total="3" passed="3" failed="0" skipped="0">
  <reporter-output>
  </reporter-output>
  <suite started-at="2020-12-29T07:04:33 PST" name="MyBattle" finished-at="2020-12-29T07:05:49 PST" duration-ms="76279">
    <groups>
    </groups>
    <test started-at="2020-12-29T07:04:33 PST" name="TestRun" finished-at="2020-12-29T07:05:49 PST" duration-ms="76279">
      <class name="testpack.FTest">
        <test-method is-config="true" signature="setup()[pri:0, instance:testpack.FTest@47542153]" started-at="2020-12-29T07:03:33 PST" name="setup" finished-at="2020-12-29T07:04:33 PST" duration-ms="60090" status="PASS">
          <reporter-output>
          </reporter-output>
        </test-method> <!-- setup -->
        <test-method signature="One()[pri:1, instance:testpack.FTest@47542153]" started-at="2020-12-29T07:04:33 PST" name="One" finished-at="2020-12-29T07:04:40 PST" duration-ms="6641" status="PASS">
          <reporter-output>
          </reporter-output>
        </test-method> <!-- One -->
        <test-method signature="two()[pri:0, instance:testpack.FTest@47542153]" started-at="2020-12-29T07:04:40 PST" name="two" finished-at="2020-12-29T07:04:45 PST" depends-on-methods="testpack.FTest.One" duration-ms="5259" status="PASS">
          <reporter-output>
          </reporter-output>
        </test-method> <!-- two -->
        <test-method signature="three()[pri:0, instance:testpack.FTest@47542153]" started-at="2020-12-29T07:04:45 PST" name="three" finished-at="2020-12-29T07:05:49 PST" depends-on-methods="testpack.FTest.two" duration-ms="63942" status="PASS">
          <reporter-output>
          </reporter-output>
        </test-method> <!-- three -->
        <test-method is-config="true" signature="teardown()[pri:0, instance:testpack.FTest@47542153]" started-at="2020-12-29T07:05:58 PST" name="teardown" finished-at="2020-12-29T07:06:00 PST" duration-ms="1921" status="PASS">
          <reporter-output>
          </reporter-output>
        </test-method> <!-- teardown -->
      </class> <!-- testpack.FTest -->
    </test> <!-- TestRun -->
  </suite> <!-- MyBattle -->
</testng-results>
